init smtpserver.xml config
smtpserver info :
smtp.163.com
25
465
c2632933379@163.com
dejavu1
init userlist.xml config
['7:00:00', '8:00:00', '9:00:00', '18:02:00']
7:00:00
70173
2632933379@qq.com
8:00:00
73773
2632933379@qq.com
9:00:00
77373
2632933379@qq.com
18:02:00
23493
2632933379@qq.com
init smtpserver.xml config
smtpserver info :
smtp.163.com
25
465
c2632933379@163.com
dejavu1
init userlist.xml config
['7:00:00', '8:00:00', '9:00:00', '18:02:00']
7:00:00
68775
2632933379@qq.com
8:00:00
72375
2632933379@qq.com
9:00:00
75975
2632933379@qq.com
18:02:00
22095
2632933379@qq.com
body length is : 41
body length is : 36
body length is : 26
body length is : 27
body length is : 43
body length is : 31
body length is : 48
body length is : 69
body length is : 31
body length is : 29
body length is : 41
body length is : 31
body length is : 29
body length is : 41
body length is : 31
body length is : 29
body length is : 41
body length is : 32
body length is : 26
body length is : 41
body length is : 56
body length is : 47
body length is : 32
body length is : 53
body length is : 47
body length is : 41
body length is : 36
body length is : 26
body length is : 27
body length is : 43
body length is : 31
body length is : 48
body length is : 69
body length is : 31
body length is : 29
body length is : 41
body length is : 31
body length is : 29
body length is : 41
body length is : 31
body length is : 29
body length is : 41
body length is : 32
body length is : 29
body length is : 41
body length is : 41
body length is : 36
body length is : 26
body length is : 27
body length is : 43
body length is : 31
body length is : 48
body length is : 60
body length is : 32
body length is : 26
body length is : 41
body length is : 32
body length is : 26
body length is : 41
body length is : 32
body length is : 26
body length is : 41
body length is : 56
body length is : 47
body length is : 32
body length is : 53
body length is : 47
body length is : 56
body length is : 47
body length is : 32
body length is : 53
body length is : 47
body length is : 56
body length is : 47
body length is : 32
body length is : 53
body length is : 47
body length is : 41
body length is : 36
body length is : 26
body length is : 27
body length is : 43
body length is : 31
body length is : 48
body length is : 60
body length is : 32
body length is : 26
body length is : 41
body length is : 32
body length is : 26
body length is : 41
body length is : 32
body length is : 26
body length is : 41
body length is : 56
body length is : 47
body length is : 32
body length is : 53
body length is : 47
body length is : 59
body length is : 56
body length is : 47
body length is : 32
body length is : 53
body length is : 47
body length is : 59
body length is : 56
body length is : 47
body length is : 32
body length is : 53
body length is : 47
body length is : 59
body length is : 56
body length is : 47
body length is : 32
body length is : 53
body length is : 47
body length is : 59
body length is : 56
body length is : 47
body length is : 32
body length is : 53
body length is : 47
body length is : 59
body length is : 56
body length is : 47
body length is : 32
body length is : 53
body length is : 47
body length is : 59
body length is : 56
body length is : 47
body length is : 32
body length is : 53
body length is : 47
body length is : 59
body length is : 56
body length is : 47
body length is : 47
body length is : 32
body length is : 53
body length is : 59
body length is : 56
body length is : 47
body length is : 32
body length is : 53
body length is : 47
body length is : 59
body length is : 56
body length is : 47
body length is : 32
body length is : 53
body length is : 47
body length is : 59
body length is : 56
body length is : 47
body length is : 32
body length is : 53
body length is : 47
body length is : 59
body length is : 56
body length is : 47
body length is : 32
body length is : 53
body length is : 47
body length is : 59
body length is : 56
body length is : 47
body length is : 32
body length is : 53
body length is : 47
body length is : 59
body length is : 56
body length is : 47
body length is : 32
body length is : 53
body length is : 47
body length is : 59
body length is : 56
body length is : 47
body length is : 32
body length is : 53
body length is : 47
body length is : 59
  File "./sendmail.py", line 221
    emoj_list[]
              ^
SyntaxError: invalid syntax
body length is : 41
body length is : 36
body length is : 26
body length is : 27
body length is : 43
body length is : 31
body length is : 48
body length is : 60
body length is : 41
body length is : 36
body length is : 26
body length is : 27
body length is : 43
body length is : 31
body length is : 48
body length is : 60
body length is : 41
body length is : 36
body length is : 26
body length is : 27
body length is : 43
body length is : 31
body length is : 48
body length is : 60
body length is : 41
body length is : 36
body length is : 26
body length is : 27
body length is : 43
body length is : 31
body length is : 48
body length is : 60
body length is : 41
body length is : 36
body length is : 26
body length is : 27
body length is : 43
body length is : 31
body length is : 48
body length is : 60
body length is : 44
body length is : 41
body length is : 36
body length is : 26
body length is : 27
body length is : 43
body length is : 31
body length is : 48
body length is : 60
body length is : 44
body length is : 41
body length is : 36
body length is : 26
body length is : 27
body length is : 43
body length is : 31
body length is : 48
body length is : 60
body length is : 44
body length is : 41
body length is : 36
body length is : 26
body length is : 27
body length is : 43
body length is : 31
body length is : 48
body length is : 60
body length is : 44
body length is : 41
body length is : 36
body length is : 26
body length is : 27
body length is : 43
body length is : 31
body length is : 48
body length is : 60
body length is : 44
body length is : 38
body length is : 40
body length is : 32
body length is : 29
body length is : 41
body length is : 32
body length is : 29
body length is : 41
body length is : 32
body length is : 29
body length is : 41
body length is : 41
body length is : 36
body length is : 26
body length is : 27
body length is : 43
body length is : 31
body length is : 48
body length is : 47
body length is : 44
body length is : 40
body length is : 38
body length is : 32
body length is : 28
body length is : 41
body length is : 31
body length is : 29
body length is : 41
body length is : 56
body length is : 47
body length is : 32
body length is : 53
body length is : 47
body length is : 62
body length is : 56
body length is : 47
body length is : 32
body length is : 53
body length is : 47
body length is : 62
body length is : 56
body length is : 47
body length is : 32
body length is : 53
body length is : 47
body length is : 62
body length is : 56
body length is : 47
body length is : 32
body length is : 53
body length is : 47
body length is : 62
body length is : 41
body length is : 36
body length is : 26
body length is : 27
body length is : 43
body length is : 31
body length is : 48
body length is : 59
body length is : 47
body length is : 44
body length is : 40
body length is : 38
body length is : 32
body length is : 29
body length is : 41
body length is : 32
body length is : 27
body length is : 41
body length is : 31
body length is : 29
body length is : 41
body length is : 32
body length is : 27
body length is : 40
body length is : 31
body length is : 29
body length is : 40
body length is : 41
body length is : 36
body length is : 26
body length is : 27
body length is : 43
body length is : 31
body length is : 48
body length is : 59
body length is : 47
body length is : 44
body length is : 40
body length is : 38
body length is : 32
body length is : 29
body length is : 41
body length is : 32
body length is : 27
body length is : 41
body length is : 31
body length is : 29
body length is : 41
body length is : 32
body length is : 27
body length is : 40
body length is : 31
body length is : 29
body length is : 40
body length is : 56
body length is : 47
body length is : 32
body length is : 52
body length is : 47
body length is : 62
body length is : 56
body length is : 47
body length is : 32
body length is : 53
body length is : 47
body length is : 62
body length is : 56
body length is : 47
body length is : 32
body length is : 53
body length is : 47
body length is : 62
body length is : 56
body length is : 47
body length is : 32
body length is : 53
body length is : 47
body length is : 62
body length is : 56
body length is : 47
body length is : 32
body length is : 52
body length is : 47
body length is : 62
body length is : 56
body length is : 47
body length is : 32
body length is : 53
body length is : 47
body length is : 62
body length is : 56
body length is : 47
body length is : 32
body length is : 52
body length is : 47
body length is : 62
body length is : 56
body length is : 47
body length is : 32
body length is : 53
body length is : 47
body length is : 62
body length is : 56
body length is : 47
body length is : 32
body length is : 53
body length is : 47
body length is : 62
body length is : 56
body length is : 47
body length is : 32
body length is : 52
body length is : 47
body length is : 62
body length is : 56
body length is : 47
body length is : 32
body length is : 53
body length is : 47
body length is : 62
body length is : 56
body length is : 47
body length is : 32
body length is : 52
body length is : 47
body length is : 62
body length is : 56
body length is : 47
body length is : 32
body length is : 53
body length is : 47
body length is : 62
body length is : 56
body length is : 47
body length is : 32
body length is : 53
body length is : 47
body length is : 62
body length is : 56
body length is : 47
body length is : 32
body length is : 52
body length is : 47
body length is : 62
body length is : 56
body length is : 47
body length is : 32
body length is : 53
body length is : 47
body length is : 62
body length is : 56
body length is : 47
body length is : 32
body length is : 52
body length is : 47
body length is : 62
body length is : 41
body length is : 36
body length is : 26
body length is : 27
body length is : 43
body length is : 31
body length is : 48
body length is : 59
body length is : 47
body length is : 44
body length is : 40
body length is : 38
body length is : 32
body length is : 29
body length is : 41
body length is : 32
body length is : 29
body length is : 41
body length is : 31
body length is : 29
body length is : 41
body length is : 32
body length is : 29
body length is : 40
body length is : 31
body length is : 29
body length is : 40
body length is : 56
body length is : 47
body length is : 32
body length is : 53
body length is : 47
body length is : 62
body length is : 56
body length is : 47
body length is : 32
body length is : 53
body length is : 47
body length is : 62
body length is : 56
body length is : 47
body length is : 32
body length is : 52
body length is : 47
body length is : 62
body length is : 56
body length is : 47
body length is : 32
body length is : 53
body length is : 47
body length is : 62
body length is : 56
body length is : 47
body length is : 32
body length is : 52
body length is : 47
body length is : 62
body length is : 56
body length is : 47
body length is : 32
body length is : 53
body length is : 47
body length is : 62
body length is : 56
body length is : 47
body length is : 32
body length is : 53
body length is : 47
body length is : 62
body length is : 56
body length is : 47
body length is : 32
body length is : 52
body length is : 47
body length is : 62
body length is : 56
body length is : 47
body length is : 32
body length is : 53
body length is : 47
body length is : 62
body length is : 56
body length is : 47
body length is : 32
body length is : 52
body length is : 47
body length is : 62
body length is : 56
body length is : 47
body length is : 32
body length is : 53
body length is : 47
body length is : 62
body length is : 56
body length is : 47
body length is : 32
body length is : 53
body length is : 47
body length is : 62
body length is : 56
body length is : 47
body length is : 32
body length is : 52
body length is : 47
body length is : 62
body length is : 56
body length is : 47
body length is : 32
body length is : 53
body length is : 47
body length is : 62
body length is : 56
body length is : 47
body length is : 32
body length is : 52
body length is : 47
body length is : 62
body length is : 56
body length is : 47
body length is : 32
body length is : 53
body length is : 47
body length is : 62
body length is : 56
body length is : 47
body length is : 32
body length is : 53
body length is : 47
body length is : 62
body length is : 56
body length is : 47
body length is : 32
body length is : 52
body length is : 47
body length is : 62
body length is : 56
body length is : 47
body length is : 32
body length is : 53
body length is : 47
body length is : 62
body length is : 56
body length is : 47
body length is : 32
body length is : 52
body length is : 47
body length is : 62
body length is : 56
body length is : 47
body length is : 32
body length is : 53
body length is : 47
body length is : 62
body length is : 56
body length is : 47
body length is : 32
body length is : 53
body length is : 47
body length is : 62
body length is : 56
body length is : 47
body length is : 32
body length is : 52
body length is : 47
body length is : 62
body length is : 56
body length is : 47
body length is : 32
body length is : 53
body length is : 47
body length is : 62
body length is : 56
body length is : 47
body length is : 32
body length is : 52
body length is : 47
body length is : 62
body length is : 56
body length is : 47
body length is : 32
body length is : 53
body length is : 47
body length is : 62
body length is : 41
body length is : 36
body length is : 26
body length is : 27
body length is : 43
body length is : 31
body length is : 48
body length is : 47
body length is : 35
body length is : 44
body length is : 40
body length is : 38
body length is : 32
body length is : 29
body length is : 41
body length is : 31
body length is : 29
body length is : 41
body length is : 31
body length is : 29
body length is : 40
body length is : 41
body length is : 36
body length is : 26
body length is : 27
body length is : 43
body length is : 31
body length is : 48
body length is : 47
body length is : 47
body length is : 44
body length is : 40
body length is : 38
body length is : 32
body length is : 29
body length is : 41
body length is : 31
body length is : 29
body length is : 41
body length is : 31
body length is : 29
body length is : 40
body length is : 32
body length is : 29
body length is : 40
body length is : 56
body length is : 47
body length is : 32
body length is : 53
body length is : 47
body length is : 62
body length is : 56
body length is : 47
body length is : 32
body length is : 52
body length is : 47
body length is : 62
body length is : 41
body length is : 36
body length is : 26
body length is : 31
body length is : 27
body length is : 43
body length is : 48
body length is : 47
body length is : 47
body length is : 44
body length is : 40
body length is : 38
body length is : 32
body length is : 27
body length is : 41
body length is : 31
body length is : 29
body length is : 41
body length is : 31
body length is : 29
body length is : 40
body length is : 32
body length is : 27
body length is : 40
body length is : 56
body length is : 47
body length is : 32
body length is : 53
body length is : 47
body length is : 62
body length is : 56
body length is : 47
body length is : 32
body length is : 52
body length is : 47
body length is : 62
body length is : 56
body length is : 47
body length is : 32
body length is : 52
body length is : 47
body length is : 62
body length is : 56
body length is : 47
body length is : 32
body length is : 53
body length is : 47
body length is : 62
body length is : 56
body length is : 47
body length is : 32
body length is : 53
body length is : 47
body length is : 62
body length is : 56
body length is : 47
body length is : 32
body length is : 52
body length is : 47
body length is : 62
body length is : 56
body length is : 47
body length is : 32
body length is : 52
body length is : 47
body length is : 62
body length is : 56
body length is : 47
body length is : 32
body length is : 53
body length is : 47
body length is : 62
body length is : 56
body length is : 47
body length is : 32
body length is : 53
body length is : 47
body length is : 62
body length is : 56
body length is : 47
body length is : 32
body length is : 52
body length is : 47
body length is : 62
body length is : 56
body length is : 47
body length is : 32
body length is : 52
body length is : 47
body length is : 62
body length is : 56
body length is : 47
body length is : 32
body length is : 53
body length is : 47
body length is : 62
body length is : 56
body length is : 47
body length is : 32
body length is : 53
body length is : 47
body length is : 62
body length is : 56
body length is : 47
body length is : 32
body length is : 52
body length is : 47
body length is : 62
body length is : 56
body length is : 47
body length is : 32
body length is : 52
body length is : 47
body length is : 62
body length is : 56
body length is : 47
body length is : 32
body length is : 53
body length is : 47
body length is : 62
body length is : 41
body length is : 36
body length is : 26
body length is : 31
body length is : 27
body length is : 43
body length is : 48
body length is : 47
body length is : 47
body length is : 28
body length is : 44
body length is : 40
body length is : 38
body length is : 32
body length is : 41
body length is : 31
body length is : 29
body length is : 41
body length is : 31
body length is : 29
body length is : 40
body length is : 32
body length is : 28
body length is : 40
body length is : 56
body length is : 47
body length is : 32
body length is : 53
body length is : 47
body length is : 62
body length is : 56
body length is : 47
body length is : 32
body length is : 52
body length is : 47
body length is : 62
body length is : 56
body length is : 47
body length is : 32
body length is : 53
body length is : 47
body length is : 62
body length is : 56
body length is : 47
body length is : 32
body length is : 52
body length is : 47
body length is : 62
body length is : 56
body length is : 47
body length is : 32
body length is : 53
body length is : 47
body length is : 62
body length is : 56
body length is : 47
body length is : 32
body length is : 52
body length is : 47
body length is : 62
body length is : 56
body length is : 47
body length is : 32
body length is : 53
body length is : 47
body length is : 62
body length is : 56
body length is : 47
body length is : 32
body length is : 52
body length is : 47
body length is : 62
body length is : 56
body length is : 47
body length is : 32
body length is : 53
body length is : 47
body length is : 62
body length is : 56
body length is : 47
body length is : 32
body length is : 52
body length is : 47
body length is : 62
body length is : 56
body length is : 47
body length is : 32
body length is : 53
body length is : 47
body length is : 62
body length is : 56
body length is : 47
body length is : 32
body length is : 52
body length is : 47
body length is : 62
body length is : 56
body length is : 47
body length is : 32
body length is : 53
body length is : 47
body length is : 62
body length is : 56
body length is : 47
body length is : 32
body length is : 52
body length is : 47
body length is : 62
body length is : 56
body length is : 47
body length is : 32
body length is : 53
body length is : 47
body length is : 62
body length is : 56
body length is : 47
body length is : 32
body length is : 52
body length is : 47
body length is : 62
body length is : 56
body length is : 47
body length is : 32
body length is : 53
body length is : 47
body length is : 62
body length is : 56
body length is : 47
body length is : 32
body length is : 52
body length is : 47
body length is : 62
body length is : 56
body length is : 47
body length is : 32
body length is : 53
body length is : 47
body length is : 62
body length is : 56
body length is : 47
body length is : 32
body length is : 52
body length is : 47
body length is : 62
body length is : 56
body length is : 47
body length is : 32
body length is : 53
body length is : 47
body length is : 62
body length is : 56
body length is : 47
body length is : 32
body length is : 52
body length is : 47
body length is : 62
body length is : 56
body length is : 47
body length is : 32
body length is : 53
body length is : 47
body length is : 62
body length is : 56
body length is : 47
body length is : 32
body length is : 52
body length is : 47
body length is : 62
body length is : 56
body length is : 47
body length is : 32
body length is : 53
body length is : 47
body length is : 62
body length is : 56
body length is : 47
body length is : 32
body length is : 52
body length is : 47
body length is : 62
body length is : 56
body length is : 47
body length is : 32
body length is : 53
body length is : 47
body length is : 62
body length is : 56
body length is : 47
body length is : 32
body length is : 52
body length is : 47
body length is : 62
body length is : 41
body length is : 36
body length is : 26
body length is : 31
body length is : 27
body length is : 43
body length is : 48
body length is : 47
body length is : 47
body length is : 44
body length is : 38
body length is : 40
body length is : 32
body length is : 28
body length is : 41
body length is : 31
body length is : 29
body length is : 41
body length is : 31
body length is : 29
body length is : 40
body length is : 32
body length is : 28
body length is : 40
body length is : 56
body length is : 47
body length is : 32
body length is : 52
body length is : 47
body length is : 62
body length is : 56
body length is : 47
body length is : 32
body length is : 53
body length is : 47
body length is : 62
body length is : 56
body length is : 47
body length is : 32
body length is : 52
body length is : 47
body length is : 62
body length is : 56
body length is : 47
body length is : 32
body length is : 53
body length is : 47
body length is : 62
body length is : 56
body length is : 47
body length is : 32
body length is : 53
body length is : 47
body length is : 62
body length is : 56
body length is : 47
body length is : 32
body length is : 52
body length is : 47
body length is : 62
body length is : 56
body length is : 47
body length is : 32
body length is : 52
body length is : 47
body length is : 62
body length is : 56
body length is : 47
body length is : 32
body length is : 53
body length is : 47
body length is : 62
